[17:22:55] [ServerMain/INFO]: Environment: authHost='https://authserver.mojang.com', accountsHost='https://api.mojang.com', sessionHost='https://sessionserver.mojang.com', servicesHost='https://api.minecraftservices.com', name='PROD'
[17:22:58] [ServerMain/INFO]: Loaded 7 recipes
[17:22:58] [ServerMain/INFO]: Loaded 1633 advancements
[17:22:59] [Server thread/INFO]: Starting minecraft server version 1.20.1
[17:22:59] [Server thread/INFO]: Loading properties
[17:22:59] [Server thread/INFO]: Default game type: SURVIVAL
[17:22:59] [Server thread/INFO]: Generating keypair
[17:22:59] [Server thread/INFO]: Starting Minecraft server on *:25565
[17:22:59] [Server thread/INFO]: Using epoll channel type
[17:22:59] [Server thread/WARN]: **** SERVER IS RUNNING IN OFFLINE/INSECURE MODE!
[17:22:59] [Server thread/WARN]: The server will make no attempt to authenticate usernames. Beware.
[17:22:59] [Server thread/WARN]: While this makes the game possible to play without internet access, it also opens up the ability for hackers to connect with any username they choose.
[17:22:59] [Server thread/WARN]: To change this, set "online-mode" to "true" in the server.properties file.
[17:22:59] [Server thread/INFO]: Preparing level "world"
[17:23:00] [Server thread/INFO]: Preparing start region for dimension minecraft:overworld
[17:23:04] [Worker-Main-1/INFO]: Preparing spawn area: 0%
[17:23:04] [Worker-Main-1/INFO]: Preparing spawn area: 0%
[17:23:04] [Worker-Main-1/INFO]: Preparing spawn area: 0%
[17:23:04] [Worker-Main-1/INFO]: Preparing spawn area: 0%
[17:23:04] [Worker-Main-1/INFO]: Preparing spawn area: 0%
[17:23:04] [Worker-Main-2/INFO]: Preparing spawn area: 0%
[17:23:04] [Worker-Main-3/INFO]: Preparing spawn area: 0%
[17:23:04] [Worker-Main-3/INFO]: Preparing spawn area: 0%
[17:23:04] [Worker-Main-3/INFO]: Preparing spawn area: 0%
[17:23:04] [Worker-Main-1/INFO]: Preparing spawn area: 0%
[17:23:05] [Worker-Main-3/INFO]: Preparing spawn area: 9%
[17:23:05] [Worker-Main-2/INFO]: Preparing spawn area: 55%
[17:23:05] [Server thread/INFO]: Time elapsed: 5846 ms
[17:23:05] [Server thread/INFO]: Done (6.038s)! For help, type "help"
[17:23:11] [Server thread/WARN]: Can't keep up! Is the server overloaded? Running 4454ms or 89 ticks behind
[17:23:11] [Server thread/WARN]: UUID of added entity already exists: bxe['Piglin'/31, l='ServerLevel[§c§lRagecraft IV: §r§6Underworld §7- §eheliceo §7| §3Suso]', x=659.50, y=5.00, z=508.50]
[17:23:11] [Server thread/WARN]: UUID of added entity already exists: bga['Marker'/46, l='ServerLevel[§c§lRagecraft IV: §r§6Underworld §7- §eheliceo §7| §3Suso]', x=29999999.50, y=100.00, z=27115050.50]
[17:23:15] [Server thread/INFO]: Danielcf37[/127.133.49.52:54805] logged in with entity id 57 at (355.33417768239616, 80.0, -220.5482664114772)
[17:23:15] [Server thread/INFO]: Danielcf37 joined the game
[17:23:16] [Server thread/INFO]: TioSkrollex[/127.54.56.198:48863] logged in with entity id 96 at (322.14276399118063, 79.0, -223.4527553403786)
[17:23:16] [Server thread/INFO]: TioSkrollex joined the game
[17:24:13] [Server thread/WARN]: Mismatch in destroy block pos: gu{x=385, y=79, z=-233} gu{x=385, y=80, z=-232}
[17:24:13] [Server thread/WARN]: Mismatch in destroy block pos: gu{x=385, y=79, z=-233} gu{x=385, y=80, z=-232}
[17:24:48] [Server thread/WARN]: Mismatch in destroy block pos: gu{x=383, y=79, z=-236} gu{x=384, y=78, z=-236}
[17:24:48] [Server thread/WARN]: Mismatch in destroy block pos: gu{x=383, y=79, z=-236} gu{x=384, y=78, z=-236}
[17:25:09] [Server thread/INFO]: Named entity bvo['Flying Creeper'/297, l='ServerLevel[§c§lRagecraft IV: §r§6Underworld §7- §eheliceo §7| §3Suso]', x=413.48, y=80.61, z=-199.45] died: Flying Creeper was killed
[17:25:55] [Server thread/INFO]: Named entity bvo['Flying Creeper'/367, l='ServerLevel[§c§lRagecraft IV: §r§6Underworld §7- §eheliceo §7| §3Suso]', x=406.17, y=76.45, z=-156.10] died: Flying Creeper was killed
[17:26:06] [Server thread/INFO]: Named entity bvo['Flying Creeper'/401, l='ServerLevel[§c§lRagecraft IV: §r§6Underworld §7- §eheliceo §7| §3Suso]', x=411.30, y=76.95, z=-160.13] died: Flying Creeper was killed
[17:26:33] [Server thread/INFO]: Named entity bvo['Flying Creeper'/454, l='ServerLevel[§c§lRagecraft IV: §r§6Underworld §7- §eheliceo §7| §3Suso]', x=382.48, y=76.45, z=-152.27] died: Flying Creeper was killed
[17:26:50] [Server thread/INFO]: Named entity bvo['Flying Creeper'/499, l='ServerLevel[§c§lRagecraft IV: §r§6Underworld §7- §eheliceo §7| §3Suso]', x=382.53, y=76.45, z=-151.86] died: Flying Creeper was killed
[17:29:12] [Server thread/INFO]: Named entity bvo['Flying Creeper'/726, l='ServerLevel[§c§lRagecraft IV: §r§6Underworld §7- §eheliceo §7| §3Suso]', x=292.39, y=77.95, z=-182.36] died: Flying Creeper was killed
[17:29:36] [Server thread/INFO]: Named entity bvo['Flying Creeper'/745, l='ServerLevel[§c§lRagecraft IV: §r§6Underworld §7- §eheliceo §7| §3Suso]', x=286.70, y=79.08, z=-174.69] died: Flying Creeper was shot by Danielcf37 using [Ornate Bow of Healing]
[17:30:25] [Server thread/INFO]: Named entity bwv['Reptilian Abomination'/840, l='ServerLevel[§c§lRagecraft IV: §r§6Underworld §7- §eheliceo §7| §3Suso]', x=289.70, y=76.00, z=-165.93] died: Reptilian Abomination was slain by Danielcf37 using [Bonebreaker]
[17:30:27] [Server thread/INFO]: Named entity bwv['Reptilian Abomination'/838, l='ServerLevel[§c§lRagecraft IV: §r§6Underworld §7- §eheliceo §7| §3Suso]', x=289.84, y=76.00, z=-166.27] died: Reptilian Abomination was slain by Danielcf37 using [Bonebreaker]
[17:31:18] [Server thread/WARN]: Mismatch in destroy block pos: gu{x=299, y=80, z=-143} gu{x=298, y=78, z=-142}
[17:31:40] [Server thread/INFO]: Named entity bvo['Flying Creeper'/1025, l='ServerLevel[§c§lRagecraft IV: §r§6Underworld §7- §eheliceo §7| §3Suso]', x=302.53, y=76.45, z=-112.32] died: Flying Creeper was killed
[17:32:12] [Server thread/INFO]: Named entity bwv['Reptilian Brute'/1073, l='ServerLevel[§c§lRagecraft IV: §r§6Underworld §7- §eheliceo §7| §3Suso]', x=285.44, y=80.00, z=-124.70] died: Reptilian Brute was slain by TioSkrollex using [Magmablade]
[17:32:17] [Server thread/INFO]: Named entity bvo['Flying Creeper'/1078, l='ServerLevel[§c§lRagecraft IV: §r§6Underworld §7- §eheliceo §7| §3Suso]', x=298.33, y=76.45, z=-115.42] died: Flying Creeper was killed
[17:32:35] [Server thread/INFO]: Named entity bvo['Flying Creeper'/1121, l='ServerLevel[§c§lRagecraft IV: §r§6Underworld §7- §eheliceo §7| §3Suso]', x=288.53, y=81.57, z=-118.96] died: Flying Creeper suffocated in a wall
[17:32:40] [Server thread/INFO]: Named entity bvo['Flying Creeper'/1149, l='ServerLevel[§c§lRagecraft IV: §r§6Underworld §7- §eheliceo §7| §3Suso]', x=303.36, y=76.45, z=-117.55] died: Flying Creeper was killed
[17:32:50] [Server thread/INFO]: Named entity bvo['Flying Creeper'/1173, l='ServerLevel[§c§lRagecraft IV: §r§6Underworld §7- §eheliceo §7| §3Suso]', x=292.61, y=86.75, z=-118.91] died: Flying Creeper was killed
[17:33:52] [Server thread/WARN]: Mismatch in destroy block pos: gu{x=266, y=80, z=-96} gu{x=268, y=79, z=-95}
[17:35:30] [Server thread/WARN]: Mismatch in destroy block pos: gu{x=248, y=80, z=-110} gu{x=248, y=79, z=-109}
[17:35:30] [Server thread/WARN]: Mismatch in destroy block pos: gu{x=248, y=80, z=-110} gu{x=248, y=79, z=-109}
[17:35:30] [Server thread/WARN]: Mismatch in destroy block pos: gu{x=249, y=79, z=-110} gu{x=248, y=79, z=-109}
[17:35:30] [Server thread/WARN]: Mismatch in destroy block pos: gu{x=249, y=79, z=-110} gu{x=248, y=79, z=-109}
[17:36:40] [Server thread/WARN]: Mismatch in destroy block pos: gu{x=300, y=80, z=-156} gu{x=301, y=78, z=-157}
[17:36:40] [Server thread/WARN]: Mismatch in destroy block pos: gu{x=301, y=80, z=-156} gu{x=301, y=78, z=-157}
[17:38:43] [Server thread/INFO]: Named entity bwv['Reptilian Brute'/1894, l='ServerLevel[§c§lRagecraft IV: §r§6Underworld §7- §eheliceo §7| §3Suso]', x=318.72, y=82.00, z=-170.31] died: Reptilian Brute was slain by Danielcf37 using [Bonebreaker]
[17:38:44] [Server thread/INFO]: Named entity bwv['Reptilian Abomination'/1889, l='ServerLevel[§c§lRagecraft IV: §r§6Underworld §7- §eheliceo §7| §3Suso]', x=321.28, y=81.45, z=-171.20] died: Reptilian Abomination was slain by Danielcf37 using [Bonebreaker]
[17:38:47] [Server thread/INFO]: Named entity bwv['Reptilian Brute'/1896, l='ServerLevel[§c§lRagecraft IV: §r§6Underworld §7- §eheliceo §7| §3Suso]', x=323.02, y=82.00, z=-168.77] died: Reptilian Brute was slain by Danielcf37 using [Bonebreaker]
[17:38:59] [Server thread/INFO]: Named entity bwv['☆ Reptilian Queen ☆'/1892, l='ServerLevel[§c§lRagecraft IV: §r§6Underworld §7- §eheliceo §7| §3Suso]', x=325.91, y=81.45, z=-172.94] died: ☆ Reptilian Queen ☆ was slain by TioSkrollex using [Magmablade]
[17:39:06] [Server thread/INFO]: Named entity bwv['Reptilian Abomination'/1980, l='ServerLevel[§c§lRagecraft IV: §r§6Underworld §7- §eheliceo §7| §3Suso]', x=320.63, y=82.00, z=-173.45] died: Reptilian Abomination was slain by Danielcf37 using [Bonebreaker]
[17:40:57] [Server thread/INFO]: Named entity bvo['Flying Creeper'/2257, l='ServerLevel[§c§lRagecraft IV: §r§6Underworld §7- §eheliceo §7| §3Suso]', x=335.48, y=81.08, z=-146.73] died: Flying Creeper was slain by Danielcf37 using [Bonebreaker]
[17:41:10] [Server thread/INFO]: Named entity bwv['Reptilian Brute'/1895, l='ServerLevel[§c§lRagecraft IV: §r§6Underworld §7- §eheliceo §7| §3Suso]', x=340.20, y=80.00, z=-149.70] died: Reptilian Brute was burnt to a crisp whilst fighting TioSkrollex
[17:41:24] [Server thread/INFO]: Named entity bwv['Reptilian Brute'/2096, l='ServerLevel[§c§lRagecraft IV: §r§6Underworld §7- §eheliceo §7| §3Suso]', x=340.83, y=79.45, z=-147.78] died: Reptilian Brute was slain by Danielcf37 using [Bonebreaker]
[17:41:41] [Server thread/INFO]: Named entity bwv['Reptilian Abomination'/2058, l='ServerLevel[§c§lRagecraft IV: §r§6Underworld §7- §eheliceo §7| §3Suso]', x=342.06, y=79.45, z=-143.82] died: Reptilian Abomination was slain by Danielcf37 using [Bonebreaker]
[17:41:49] [Server thread/INFO]: Named entity bwv['Reptilian Brute'/2097, l='ServerLevel[§c§lRagecraft IV: §r§6Underworld §7- §eheliceo §7| §3Suso]', x=336.71, y=80.00, z=-150.49] died: Reptilian Brute was slain by TioSkrollex using [Magmablade]
[17:41:59] [Server thread/INFO]: Named entity bwv['Reptilian Abomination'/2260, l='ServerLevel[§c§lRagecraft IV: §r§6Underworld §7- §eheliceo §7| §3Suso]', x=344.78, y=80.00, z=-144.50] died: Reptilian Abomination was slain by TioSkrollex using [Magmablade]
[17:42:06] [Server thread/INFO]: Named entity bwv['Reptilian Abomination'/2389, l='ServerLevel[§c§lRagecraft IV: §r§6Underworld §7- §eheliceo §7| §3Suso]', x=348.41, y=80.00, z=-148.40] died: Reptilian Abomination was slain by Danielcf37 using [Bonebreaker]
[17:42:12] [Server thread/INFO]: Named entity bwv['Reptilian Abomination'/2315, l='ServerLevel[§c§lRagecraft IV: §r§6Underworld §7- §eheliceo §7| §3Suso]', x=346.98, y=80.00, z=-148.03] died: Reptilian Abomination was burnt to a crisp whilst fighting TioSkrollex
[17:42:22] [Server thread/INFO]: Named entity bwv['Reptilian Brute'/2094, l='ServerLevel[§c§lRagecraft IV: §r§6Underworld §7- §eheliceo §7| §3Suso]', x=348.50, y=80.00, z=-149.32] died: Reptilian Brute was slain by TioSkrollex using [Magmablade]
[17:42:38] [Server thread/INFO]: Named entity bwv['Reptilian Abomination'/2509, l='ServerLevel[§c§lRagecraft IV: §r§6Underworld §7- §eheliceo §7| §3Suso]', x=342.15, y=79.45, z=-143.93] died: Reptilian Abomination was slain by Danielcf37 using [Bonebreaker]
